[0.049s] Invoking command in '/home/abdll/workspace/alphabot_ws/src/ros2_cpp_examples/build/ros2_cpp_examples': CMAKE_PREFIX_PATH=${CMAKE_PREFIX_PATH}:/opt/ros/humble /usr/bin/cmake /home/abdll/workspace/alphabot_ws/src/ros2_cpp_examples -DCMAKE_INSTALL_PREFIX=/home/abdll/workspace/alphabot_ws/src/ros2_cpp_examples/install/ros2_cpp_examples
[0.495s] -- The C compiler identification is GNU 11.4.0
[0.888s] -- The CXX compiler identification is GNU 11.4.0
[1.009s] -- Detecting C compiler ABI info
[1.113s] -- Detecting C compiler ABI info - done
[1.116s] -- Check for working C compiler: /usr/bin/cc - skipped
[1.142s] -- Detecting C compile features
[1.142s] -- Detecting C compile features - done
[1.146s] -- Detecting CXX compiler ABI info
[1.250s] -- Detecting CXX compiler ABI info - done
[1.253s] -- Check for working CXX compiler: /usr/bin/c++ - skipped
[1.253s] -- Detecting CXX compile features
[1.253s] -- Detecting CXX compile features - done
[1.263s] -- Found ament_cmake: 1.3.9 (/opt/ros/humble/share/ament_cmake/cmake)
[1.404s] -- Found Python3: /usr/bin/python3 (found version "3.10.12") found components: Interpreter 
[1.601s] -- Found rclcpp: 16.0.9 (/opt/ros/humble/share/rclcpp/cmake)
[1.746s] -- Found rosidl_generator_c: 3.1.5 (/opt/ros/humble/share/rosidl_generator_c/cmake)
[1.751s] -- Found rosidl_adapter: 3.1.5 (/opt/ros/humble/share/rosidl_adapter/cmake)
[1.759s] -- Found rosidl_generator_cpp: 3.1.5 (/opt/ros/humble/share/rosidl_generator_cpp/cmake)
[1.773s] -- Using all available rosidl_typesupport_c: rosidl_typesupport_fastrtps_c;rosidl_typesupport_introspection_c
[1.789s] -- Using all available rosidl_typesupport_cpp: rosidl_typesupport_fastrtps_cpp;rosidl_typesupport_introspection_cpp
[1.970s] -- Found rmw_implementation_cmake: 6.1.2 (/opt/ros/humble/share/rmw_implementation_cmake/cmake)
[1.973s] -- Found rmw_fastrtps_cpp: 6.2.6 (/opt/ros/humble/share/rmw_fastrtps_cpp/cmake)
[2.477s] -- Found OpenSSL: /usr/lib/x86_64-linux-gnu/libcrypto.so (found version "3.0.2")  
[2.903s] -- Found FastRTPS: /opt/ros/humble/include  
[3.751s] -- Using RMW implementation 'rmw_fastrtps_cpp' as default
[3.778s] -- Looking for pthread.h
[3.881s] -- Looking for pthread.h - found
[3.881s] -- Performing Test CMAKE_HAVE_LIBC_PTHREAD
[3.933s] -- Performing Test CMAKE_HAVE_LIBC_PTHREAD - Success
[3.934s] -- Found Threads: TRUE  
[4.083s] -- Found rclpy: 3.3.13 (/opt/ros/humble/share/rclpy/cmake)
[4.084s] -- Found PkgConfig: /usr/bin/pkg-config (found version "0.29.2") 
[4.086s] -- Found rclcpp_lifecycle: 16.0.9 (/opt/ros/humble/share/rclcpp_lifecycle/cmake)
[4.162s] -- Found hardware_interface: 2.41.0 (/opt/ros/humble/share/hardware_interface/cmake)
[5.045s] -- Checking for module 'libserial'
[5.051s] --   Found libserial, version 1.0.0
[5.103s] -- Found ament_lint_auto: 0.12.11 (/opt/ros/humble/share/ament_lint_auto/cmake)
[5.153s] -- Added test 'cppcheck' to perform static code analysis on C / C++ code
[5.153s] -- Configured cppcheck include dirs: /home/abdll/workspace/alphabot_ws/src/ros2_cpp_examples/
[5.153s] -- Configured cppcheck exclude dirs and/or files: 
[5.154s] -- Added test 'lint_cmake' to check CMake code style
[5.157s] -- Added test 'uncrustify' to check C / C++ code style
[5.157s] -- Configured uncrustify additional arguments: 
[5.158s] -- Added test 'xmllint' to check XML markup files
[5.159s] -- Configuring done
[5.161s] [31mCMake Error at CMakeLists.txt:46 (add_executable):
[5.161s]   Cannot find source file:
[5.161s] 
[5.161s]     src/simple_qos_publisher.cpp
[5.161s] 
[5.161s]   Tried extensions .c .C .c++ .cc .cpp .cxx .cu .mpp .m .M .mm .ixx .cppm .h
[5.161s]   .hh .h++ .hm .hpp .hxx .in .txx .f .F .for .f77 .f90 .f95 .f03 .hip .ispc
[5.161s] 
[5.161s] [0m
[5.162s] [31mCMake Error at CMakeLists.txt:46 (add_executable):
[5.162s]   No SOURCES given to target: simple_qos_publisher
[5.162s] 
[5.162s] [0m
[5.162s] [0mCMake Generate step failed.  Build files cannot be regenerated correctly.[0m
[5.167s] Invoked command in '/home/abdll/workspace/alphabot_ws/src/ros2_cpp_examples/build/ros2_cpp_examples' returned '1': CMAKE_PREFIX_PATH=${CMAKE_PREFIX_PATH}:/opt/ros/humble /usr/bin/cmake /home/abdll/workspace/alphabot_ws/src/ros2_cpp_examples -DCMAKE_INSTALL_PREFIX=/home/abdll/workspace/alphabot_ws/src/ros2_cpp_examples/install/ros2_cpp_examples
