[0.523s] DEBUG:colcon:Command line arguments: ['/usr/bin/colcon', 'build']
[0.523s] DEBUG:colcon:Parsed command line arguments: Namespace(log_base=None, log_level=None, verb_name='build', build_base='build', install_base='install', merge_install=False, symlink_install=False, test_result_base=None, continue_on_error=False, executor='parallel', parallel_workers=32, event_handlers=None, ignore_user_meta=False, metas=['./colcon.meta'], base_paths=['.'], packages_ignore=None, packages_ignore_regex=None, paths=None, packages_up_to=None, packages_up_to_regex=None, packages_above=None, packages_above_and_dependencies=None, packages_above_depth=None, packages_select_by_dep=None, packages_skip_by_dep=None, packages_skip_up_to=None, packages_select_build_failed=False, packages_skip_build_finished=False, packages_select_test_failures=False, packages_skip_test_passed=False, packages_select=None, packages_skip=None, packages_select_regex=None, packages_skip_regex=None, packages_start=None, packages_end=None, allow_overriding=[], cmake_args=None, cmake_target=None, cmake_target_skip_unavailable=False, cmake_clean_cache=False, cmake_clean_first=False, cmake_force_configure=False, ament_cmake_args=None, catkin_cmake_args=None, catkin_skip_building_tests=False, verb_parser=<colcon_defaults.argument_parser.defaults.DefaultArgumentsDecorator object at 0x7f3458a08850>, verb_extension=<colcon_core.verb.build.BuildVerb object at 0x7f3458b9d4b0>, main=<bound method BuildVerb.main of <colcon_core.verb.build.BuildVerb object at 0x7f3458b9d4b0>>)
[0.987s] Level 1:colcon.colcon_core.package_discovery:discover_packages(colcon_meta) check parameters
[0.987s] Level 1:colcon.colcon_core.package_discovery:discover_packages(recursive) check parameters
[0.987s] Level 1:colcon.colcon_core.package_discovery:discover_packages(ignore) check parameters
[0.987s] Level 1:colcon.colcon_core.package_discovery:discover_packages(path) check parameters
[0.987s] Level 1:colcon.colcon_core.package_discovery:discover_packages(colcon_meta) discover
[0.987s] Level 1:colcon.colcon_core.package_discovery:discover_packages(recursive) discover
[0.987s] INFO:colcon.colcon_core.package_discovery:Crawling recursively for packages in '/home/abdll/workspace/alphabot_ws/src/ros2_cpp_examples'
[0.987s] Level 1:colcon.colcon_core.package_identification:_identify(.) by extensions ['ignore', 'ignore_ament_install']
[0.987s] Level 1:colcon.colcon_core.package_identification:_identify(.) by extension 'ignore'
[0.987s] Level 1:colcon.colcon_core.package_identification:_identify(.) by extension 'ignore_ament_install'
[0.987s] Level 1:colcon.colcon_core.package_identification:_identify(.) by extensions ['colcon_pkg']
[0.987s] Level 1:colcon.colcon_core.package_identification:_identify(.) by extension 'colcon_pkg'
[0.987s] Level 1:colcon.colcon_core.package_identification:_identify(.) by extensions ['colcon_meta']
[0.987s] Level 1:colcon.colcon_core.package_identification:_identify(.) by extension 'colcon_meta'
[0.987s] Level 1:colcon.colcon_core.package_identification:_identify(.) by extensions ['ros']
[0.987s] Level 1:colcon.colcon_core.package_identification:_identify(.) by extension 'ros'
[1.000s] DEBUG:colcon.colcon_core.package_identification:Package '.' with type 'ros.ament_cmake' and name 'ros2_cpp_examples'
[1.000s] Level 1:colcon.colcon_core.package_discovery:discover_packages(recursive) using defaults
[1.000s] Level 1:colcon.colcon_core.package_discovery:discover_packages(ignore) discover
[1.000s] Level 1:colcon.colcon_core.package_discovery:discover_packages(ignore) using defaults
[1.000s] Level 1:colcon.colcon_core.package_discovery:discover_packages(path) discover
[1.000s] Level 1:colcon.colcon_core.package_discovery:discover_packages(path) using defaults
[1.025s] Level 1:colcon.colcon_core.package_discovery:discover_packages(prefix_path) check parameters
[1.025s] Level 1:colcon.colcon_core.package_discovery:discover_packages(prefix_path) discover
[1.078s] DEBUG:colcon.colcon_installed_package_information.package_discovery:Found 9 installed packages in /home/abdll/workspace/alphabot_ws/install
[1.079s] DEBUG:colcon.colcon_installed_package_information.package_discovery:Found 426 installed packages in /opt/ros/humble
[1.086s] Level 1:colcon.colcon_core.package_discovery:discover_packages(prefix_path) using defaults
[1.279s] Level 5:colcon.colcon_core.verb:set package 'ros2_cpp_examples' build argument 'cmake_args' from command line to 'None'
[1.279s] Level 5:colcon.colcon_core.verb:set package 'ros2_cpp_examples' build argument 'cmake_target' from command line to 'None'
[1.279s] Level 5:colcon.colcon_core.verb:set package 'ros2_cpp_examples' build argument 'cmake_target_skip_unavailable' from command line to 'False'
[1.279s] Level 5:colcon.colcon_core.verb:set package 'ros2_cpp_examples' build argument 'cmake_clean_cache' from command line to 'False'
[1.279s] Level 5:colcon.colcon_core.verb:set package 'ros2_cpp_examples' build argument 'cmake_clean_first' from command line to 'False'
[1.279s] Level 5:colcon.colcon_core.verb:set package 'ros2_cpp_examples' build argument 'cmake_force_configure' from command line to 'False'
[1.279s] Level 5:colcon.colcon_core.verb:set package 'ros2_cpp_examples' build argument 'ament_cmake_args' from command line to 'None'
[1.279s] Level 5:colcon.colcon_core.verb:set package 'ros2_cpp_examples' build argument 'catkin_cmake_args' from command line to 'None'
[1.279s] Level 5:colcon.colcon_core.verb:set package 'ros2_cpp_examples' build argument 'catkin_skip_building_tests' from command line to 'False'
[1.279s] DEBUG:colcon.colcon_core.verb:Building package 'ros2_cpp_examples' with the following arguments: {'ament_cmake_args': None, 'build_base': '/home/abdll/workspace/alphabot_ws/src/ros2_cpp_examples/build/ros2_cpp_examples', 'catkin_cmake_args': None, 'catkin_skip_building_tests': False, 'cmake_args': None, 'cmake_clean_cache': False, 'cmake_clean_first': False, 'cmake_force_configure': False, 'cmake_target': None, 'cmake_target_skip_unavailable': False, 'install_base': '/home/abdll/workspace/alphabot_ws/src/ros2_cpp_examples/install/ros2_cpp_examples', 'merge_install': False, 'path': '/home/abdll/workspace/alphabot_ws/src/ros2_cpp_examples', 'symlink_install': False, 'test_result_base': None}
[1.279s] INFO:colcon.colcon_core.executor:Executing jobs using 'parallel' executor
[1.280s] DEBUG:colcon.colcon_parallel_executor.executor.parallel:run_until_complete
[1.280s] INFO:colcon.colcon_ros.task.ament_cmake.build:Building ROS package in '/home/abdll/workspace/alphabot_ws/src/ros2_cpp_examples' with build type 'ament_cmake'
[1.280s] INFO:colcon.colcon_cmake.task.cmake.build:Building CMake package in '/home/abdll/workspace/alphabot_ws/src/ros2_cpp_examples'
[1.325s] INFO:colcon.colcon_core.plugin_system:Skipping extension 'colcon_core.shell.bat': Not used on non-Windows systems
[1.325s] INFO:colcon.colcon_core.shell:Skip shell extension 'powershell' for command environment: Not usable outside of PowerShell
[1.325s] DEBUG:colcon.colcon_core.shell:Skip shell extension 'dsv' for command environment
[1.329s] DEBUG:colcon.colcon_core.event_handler.log_command:Invoking command in '/home/abdll/workspace/alphabot_ws/src/ros2_cpp_examples/build/ros2_cpp_examples': CMAKE_PREFIX_PATH=${CMAKE_PREFIX_PATH}:/opt/ros/humble /usr/bin/cmake /home/abdll/workspace/alphabot_ws/src/ros2_cpp_examples -DCMAKE_INSTALL_PREFIX=/home/abdll/workspace/alphabot_ws/src/ros2_cpp_examples/install/ros2_cpp_examples
[6.447s] DEBUG:colcon.colcon_core.event_handler.log_command:Invoked command in '/home/abdll/workspace/alphabot_ws/src/ros2_cpp_examples/build/ros2_cpp_examples' returned '1': CMAKE_PREFIX_PATH=${CMAKE_PREFIX_PATH}:/opt/ros/humble /usr/bin/cmake /home/abdll/workspace/alphabot_ws/src/ros2_cpp_examples -DCMAKE_INSTALL_PREFIX=/home/abdll/workspace/alphabot_ws/src/ros2_cpp_examples/install/ros2_cpp_examples
[6.452s] Level 1:colcon.colcon_core.environment:create_environment_scripts_only(ros2_cpp_examples)
[6.456s] Level 1:colcon.colcon_core.environment:checking '/home/abdll/workspace/alphabot_ws/src/ros2_cpp_examples/install/ros2_cpp_examples' for CMake module files
[6.457s] Level 1:colcon.colcon_core.environment:checking '/home/abdll/workspace/alphabot_ws/src/ros2_cpp_examples/install/ros2_cpp_examples' for CMake config files
[6.457s] Level 1:colcon.colcon_core.environment:checking '/home/abdll/workspace/alphabot_ws/src/ros2_cpp_examples/install/ros2_cpp_examples/bin'
[6.457s] Level 1:colcon.colcon_core.environment:checking '/home/abdll/workspace/alphabot_ws/src/ros2_cpp_examples/install/ros2_cpp_examples/lib/pkgconfig/ros2_cpp_examples.pc'
[6.457s] Level 1:colcon.colcon_core.environment:checking '/home/abdll/workspace/alphabot_ws/src/ros2_cpp_examples/install/ros2_cpp_examples/lib/python3.10/site-packages'
[6.457s] Level 1:colcon.colcon_core.environment:checking '/home/abdll/workspace/alphabot_ws/src/ros2_cpp_examples/install/ros2_cpp_examples/bin'
[6.457s] INFO:colcon.colcon_core.shell:Creating package script '/home/abdll/workspace/alphabot_ws/src/ros2_cpp_examples/install/ros2_cpp_examples/share/ros2_cpp_examples/package.ps1'
[6.458s] INFO:colcon.colcon_core.shell:Creating package descriptor '/home/abdll/workspace/alphabot_ws/src/ros2_cpp_examples/install/ros2_cpp_examples/share/ros2_cpp_examples/package.dsv'
[6.459s] INFO:colcon.colcon_core.shell:Creating package script '/home/abdll/workspace/alphabot_ws/src/ros2_cpp_examples/install/ros2_cpp_examples/share/ros2_cpp_examples/package.sh'
[6.459s] INFO:colcon.colcon_core.shell:Creating package script '/home/abdll/workspace/alphabot_ws/src/ros2_cpp_examples/install/ros2_cpp_examples/share/ros2_cpp_examples/package.bash'
[6.460s] INFO:colcon.colcon_core.shell:Creating package script '/home/abdll/workspace/alphabot_ws/src/ros2_cpp_examples/install/ros2_cpp_examples/share/ros2_cpp_examples/package.zsh'
[6.460s] Level 1:colcon.colcon_core.environment:create_file_with_runtime_dependencies(/home/abdll/workspace/alphabot_ws/src/ros2_cpp_examples/install/ros2_cpp_examples/share/colcon-core/packages/ros2_cpp_examples)
[6.471s] DEBUG:colcon.colcon_parallel_executor.executor.parallel:closing loop
[6.471s] DEBUG:colcon.colcon_parallel_executor.executor.parallel:loop closed
[6.471s] DEBUG:colcon.colcon_parallel_executor.executor.parallel:run_until_complete finished with '1'
[6.471s] DEBUG:colcon.colcon_core.event_reactor:joining thread
[6.536s] INFO:colcon.colcon_core.plugin_system:Skipping extension 'colcon_notification.desktop_notification.notify_send': Could not find 'notify-send'
[6.536s] INFO:colcon.colcon_core.plugin_system:Skipping extension 'colcon_notification.desktop_notification.terminal_notifier': Not used on non-Darwin systems
[6.536s] INFO:colcon.colcon_core.plugin_system:Skipping extension 'colcon_notification.desktop_notification.win32': Not used on non-Windows systems
[6.536s] INFO:colcon.colcon_notification.desktop_notification:Sending desktop notification using 'notify2'
[6.537s] DEBUG:colcon.colcon_notification.desktop_notification.notify2:Failed to initialize notify2: org.freedesktop.DBus.Error.ServiceUnknown: The name org.freedesktop.Notifications was not provided by any .service files
[6.537s] DEBUG:colcon.colcon_core.event_reactor:joined thread
[6.538s] INFO:colcon.colcon_core.shell:Creating prefix script '/home/abdll/workspace/alphabot_ws/src/ros2_cpp_examples/install/local_setup.ps1'
[6.538s] INFO:colcon.colcon_core.shell:Creating prefix util module '/home/abdll/workspace/alphabot_ws/src/ros2_cpp_examples/install/_local_setup_util_ps1.py'
[6.539s] INFO:colcon.colcon_core.shell:Creating prefix chain script '/home/abdll/workspace/alphabot_ws/src/ros2_cpp_examples/install/setup.ps1'
[6.539s] INFO:colcon.colcon_core.shell:Creating prefix script '/home/abdll/workspace/alphabot_ws/src/ros2_cpp_examples/install/local_setup.sh'
[6.540s] INFO:colcon.colcon_core.shell:Creating prefix util module '/home/abdll/workspace/alphabot_ws/src/ros2_cpp_examples/install/_local_setup_util_sh.py'
[6.540s] INFO:colcon.colcon_core.shell:Creating prefix chain script '/home/abdll/workspace/alphabot_ws/src/ros2_cpp_examples/install/setup.sh'
[6.541s] INFO:colcon.colcon_core.shell:Creating prefix script '/home/abdll/workspace/alphabot_ws/src/ros2_cpp_examples/install/local_setup.bash'
[6.541s] INFO:colcon.colcon_core.shell:Creating prefix chain script '/home/abdll/workspace/alphabot_ws/src/ros2_cpp_examples/install/setup.bash'
[6.542s] INFO:colcon.colcon_core.shell:Creating prefix script '/home/abdll/workspace/alphabot_ws/src/ros2_cpp_examples/install/local_setup.zsh'
[6.542s] INFO:colcon.colcon_core.shell:Creating prefix chain script '/home/abdll/workspace/alphabot_ws/src/ros2_cpp_examples/install/setup.zsh'
